<?xml version="1.0" encoding="UTF-8"?>
<!-- Generated by org.testng.reporters.JUnitXMLReporter -->
<testsuite ignored="0" hostname="vamsisatya-macbookpro.roam.internal" failures="0" tests="2" name="Test" time="0.286" errors="0" timestamp="2024-12-06T17:12:37 IST">
  <testcase classname="testBase.Baseclass" name="@BeforeClass setUp" time="0.008">
    <failure type="java.lang.NullPointerException" message="Cannot invoke &amp;quot;java.util.Properties.load(java.io.InputStream)&amp;quot; because &amp;quot;this.p&amp;quot; is null">
      <![CDATA[java.lang.NullPointerException: Cannot invoke "java.util.Properties.load(java.io.InputStream)" because "this.p" is null
at testBase.Baseclass.setUp(Baseclass.java:42)
at java.base/java.util.ArrayList.forEach(ArrayList.java:1596)
... Removed 23 stack frames]]>
    </failure>
  </testcase> <!-- @BeforeClass setUp -->
  <testcase classname="testBase.Baseclass" name="@AfterClass tearDown" time="-1.733485357411E9">
    <skipped/>
  </testcase> <!-- @AfterClass tearDown -->
  <testcase classname="testBase.Baseclass" name="@BeforeClass setUp" time="0.001">
    <failure type="java.lang.NullPointerException" message="Cannot invoke &amp;quot;java.util.Properties.load(java.io.InputStream)&amp;quot; because &amp;quot;this.p&amp;quot; is null">
      <![CDATA[java.lang.NullPointerException: Cannot invoke "java.util.Properties.load(java.io.InputStream)" because "this.p" is null
at testBase.Baseclass.setUp(Baseclass.java:42)
at java.base/java.util.ArrayList.forEach(ArrayList.java:1596)
... Removed 23 stack frames]]>
    </failure>
  </testcase> <!-- @BeforeClass setUp -->
  <testcase classname="testBase.Baseclass" name="@AfterClass tearDown" time="-1.733485357416E9">
    <skipped/>
  </testcase> <!-- @AfterClass tearDown -->
  <testcase classname="testCases.Logging" name="accountLogin" time="0.0">
    <skipped/>
  </testcase> <!-- accountLogin -->
  <testcase classname="testCases.AccountRegistration" name="account" time="0.0">
    <skipped/>
  </testcase> <!-- account -->
</testsuite> <!-- Test -->
